<?xml version="1.0" encoding="UTF-8"?>
<testng-results ignored="0" total="1" passed="1" failed="0" skipped="0">
  <reporter-output>
  </reporter-output>
  <suite started-at="2023-02-24T17:24:22 IST" name="Gradle suite" finished-at="2023-02-24T17:24:48 IST" duration-ms="26651">
    <groups>
    </groups>
    <test started-at="2023-02-24T17:24:22 IST" name="Gradle test" finished-at="2023-02-24T17:24:48 IST" duration-ms="26651">
      <class name="com.optum.insurance.tests.CanadaPhoneTest">
        <test-method is-config="true" signature="setUp()[pri:0, instance:com.optum.insurance.tests.CanadaPhoneTest@5bf22f18]" started-at="2023-02-24T17:24:22 IST" name="setUp" finished-at="2023-02-24T17:24:32 IST" duration-ms="10699" status="PASS">
          <reporter-output>
          </reporter-output>
        </test-method> <!-- setUp -->
        <test-method signature="verifyIncorrectCredentials()[pri:0, instance:com.optum.insurance.tests.CanadaPhoneTest@5bf22f18]" started-at="2023-02-24T17:24:32 IST" name="verifyIncorrectCredentials" description="This test validates error message when credentials are incorrect" finished-at="2023-02-24T17:24:47 IST" duration-ms="15044" status="PASS">
          <reporter-output>
          </reporter-output>
        </test-method> <!-- verifyIncorrectCredentials -->
        <test-method is-config="true" signature="teardown()[pri:0, instance:com.optum.insurance.tests.CanadaPhoneTest@5bf22f18]" started-at="2023-02-24T17:24:47 IST" name="teardown" finished-at="2023-02-24T17:24:48 IST" duration-ms="831" status="PASS">
          <reporter-output>
          </reporter-output>
        </test-method> <!-- teardown -->
      </class> <!-- com.optum.insurance.tests.CanadaPhoneTest -->
    </test> <!-- Gradle test -->
  </suite> <!-- Gradle suite -->
</testng-results>
