# JRE version: Java(TM) SE Runtime Environment 18.9 (11.0.15+8) (build 11.0.15+8-LTS-149)
# Java VM: Java HotSpot(TM) 64-Bit Server VM 18.9 (11.0.15+8-LTS-149, mixed mode, tiered, compressed oops, g1 gc, windows-amd64)
Heap:
 garbage-first heap   total 260096K, used 158326K [0x0000000702800000, 0x0000000800000000)
  region size 1024K, 138 young (141312K), 11 survivors (11264K)
 Metaspace       used 45899K, capacity 47414K, committed 47616K, reserved 1091584K
  class space    used 5432K, capacity 6133K, committed 6144K, reserved 1048576K
GC Heap History (10 events):
Event: 1.981 GC heap before
{Heap before GC invocations=0 (full 0):
 garbage-first heap   total 260096K, used 23552K [0x0000000702800000, 0x0000000800000000)
  region size 1024K, 24 young (24576K), 0 survivors (0K)
 Metaspace       used 14840K, capacity 15244K, committed 15616K, reserved 1062912K
  class space    used 1504K, capacity 1666K, committed 1792K, reserved 1048576K
}
Event: 2.016 GC heap after
{Heap after GC invocations=1 (full 0):
 garbage-first heap   total 260096K, used 4791K [0x0000000702800000, 0x0000000800000000)
  region size 1024K, 3 young (3072K), 3 survivors (3072K)
 Metaspace       used 14840K, capacity 15244K, committed 15616K, reserved 1062912K
  class space    used 1504K, capacity 1666K, committed 1792K, reserved 1048576K
}
Event: 2.485 GC heap before
{Heap before GC invocations=1 (full 0):
 garbage-first heap   total 260096K, used 25271K [0x0000000702800000, 0x0000000800000000)
  region size 1024K, 24 young (24576K), 3 survivors (3072K)
 Metaspace       used 17106K, capacity 17629K, committed 17920K, reserved 1064960K
  class space    used 1737K, capacity 1951K, committed 2048K, reserved 1048576K
}
Event: 2.494 GC heap after
{Heap after GC invocations=2 (full 0):
 garbage-first heap   total 260096K, used 9357K [0x0000000702800000, 0x0000000800000000)
  region size 1024K, 3 young (3072K), 3 survivors (3072K)
 Metaspace       used 17106K, capacity 17629K, committed 17920K, reserved 1064960K
  class space    used 1737K, capacity 1951K, committed 2048K, reserved 1048576K
}
Event: 3.214 GC heap before
{Heap before GC invocations=2 (full 0):
 garbage-first heap   total 260096K, used 59533K [0x0000000702800000, 0x0000000800000000)
  region size 1024K, 52 young (53248K), 3 survivors (3072K)
 Metaspace       used 18979K, capacity 19550K, committed 19712K, reserved 1067008K
  class space    used 1973K, capacity 2226K, committed 2304K, reserved 1048576K
}
Event: 3.222 GC heap after
{Heap after GC invocations=3 (full 0):
 garbage-first heap   total 260096K, used 11776K [0x0000000702800000, 0x0000000800000000)
  region size 1024K, 6 young (6144K), 6 survivors (6144K)
 Metaspace       used 18979K, capacity 19550K, committed 19712K, reserved 1067008K
  class space    used 1973K, capacity 2226K, committed 2304K, reserved 1048576K
}
Event: 3.643 GC heap before
{Heap before GC invocations=3 (full 0):
 garbage-first heap   total 260096K, used 31232K [0x0000000702800000, 0x0000000800000000)
  region size 1024K, 26 young (26624K), 6 survivors (6144K)
 Metaspace       used 20453K, capacity 21121K, committed 21248K, reserved 1069056K
  class space    used 2162K, capacity 2481K, committed 2560K, reserved 1048576K
}
Event: 3.653 GC heap after
{Heap after GC invocations=4 (full 0):
 garbage-first heap   total 260096K, used 13512K [0x0000000702800000, 0x0000000800000000)
  region size 1024K, 5 young (5120K), 5 survivors (5120K)
 Metaspace       used 20453K, capacity 21121K, committed 21248K, reserved 1069056K
  class space    used 2162K, capacity 2481K, committed 2560K, reserved 1048576K
}
Event: 5.847 GC heap before
{Heap before GC invocations=5 (full 0):
 garbage-first heap   total 260096K, used 90312K [0x0000000702800000, 0x0000000800000000)
  region size 1024K, 81 young (82944K), 5 survivors (5120K)
 Metaspace       used 30360K, capacity 31375K, committed 31616K, reserved 1077248K
  class space    used 3489K, capacity 3958K, committed 3968K, reserved 1048576K
}
Event: 5.873 GC heap after
{Heap after GC invocations=6 (full 0):
 garbage-first heap   total 260096K, used 24182K [0x0000000702800000, 0x0000000800000000)
  region size 1024K, 11 young (11264K), 11 survivors (11264K)
 Metaspace       used 30360K, capacity 31375K, committed 31616K, reserved 1077248K
  class space    used 3489K, capacity 3958K, committed 3968K, reserved 1048576K
}

